Determining if the pthread_create exist failed with the following output:
Change Dir: /home/dex2132/hector_ws/build/CMakeFiles/CMakeTmp

Run Build Command:"/usr/bin/make" "cmTC_5c0e8/fast"
/usr/bin/make -f CMakeFiles/cmTC_5c0e8.dir/build.make CMakeFiles/cmTC_5c0e8.dir/build
make[1]: Entering directory '/home/dex2132/hector_ws/build/CMakeFiles/CMakeTmp'
Building C object CMakeFiles/cmTC_5c0e8.dir/CheckSymbolExists.c.o
/usr/bin/cc    -o CMakeFiles/cmTC_5c0e8.dir/CheckSymbolExists.c.o   -c /home/dex2132/hector_ws/build/CMakeFiles/CMakeTmp/CheckSymbolExists.c
Linking C executable cmTC_5c0e8
/usr/bin/cmake -E cmake_link_script CMakeFiles/cmTC_5c0e8.dir/link.txt --verbose=1
/usr/bin/cc      -rdynamic CMakeFiles/cmTC_5c0e8.dir/CheckSymbolExists.c.o  -o cmTC_5c0e8 
CMakeFiles/cmTC_5c0e8.dir/CheckSymbolExists.c.o: In function `main':
CheckSymbolExists.c:(.text+0x1b): undefined reference to `pthread_create'
collect2: error: ld returned 1 exit status
CMakeFiles/cmTC_5c0e8.dir/build.make:97: recipe for target 'cmTC_5c0e8' failed
make[1]: *** [cmTC_5c0e8] Error 1
make[1]: Leaving directory '/home/dex2132/hector_ws/build/CMakeFiles/CMakeTmp'
Makefile:126: recipe for target 'cmTC_5c0e8/fast' failed
make: *** [cmTC_5c0e8/fast] Error 2

File /home/dex2132/hector_ws/build/CMakeFiles/CMakeTmp/CheckSymbolExists.c:
/* */
#include <pthread.h>

int main(int argc, char** argv)
{
  (void)argv;
#ifndef pthread_create
  return ((int*)(&pthread_create))[argc];
#else
  (void)argc;
  return 0;
#endif
}

Determining if the function pthread_create exists in the pthreads failed with the following output:
Change Dir: /home/dex2132/hector_ws/build/CMakeFiles/CMakeTmp

Run Build Command:"/usr/bin/make" "cmTC_1d3ad/fast"
/usr/bin/make -f CMakeFiles/cmTC_1d3ad.dir/build.make CMakeFiles/cmTC_1d3ad.dir/build
make[1]: Entering directory '/home/dex2132/hector_ws/build/CMakeFiles/CMakeTmp'
Building C object CMakeFiles/cmTC_1d3ad.dir/CheckFunctionExists.c.o
/usr/bin/cc   -DCHECK_FUNCTION_EXISTS=pthread_create   -o CMakeFiles/cmTC_1d3ad.dir/CheckFunctionExists.c.o   -c /usr/share/cmake-3.10/Modules/CheckFunctionExists.c
Linking C executable cmTC_1d3ad
/usr/bin/cmake -E cmake_link_script CMakeFiles/cmTC_1d3ad.dir/link.txt --verbose=1
/usr/bin/cc  -DCHECK_FUNCTION_EXISTS=pthread_create    -rdynamic CMakeFiles/cmTC_1d3ad.dir/CheckFunctionExists.c.o  -o cmTC_1d3ad -lpthreads 
/usr/bin/ld: cannot find -lpthreads
collect2: error: ld returned 1 exit status
CMakeFiles/cmTC_1d3ad.dir/build.make:97: recipe for target 'cmTC_1d3ad' failed
make[1]: *** [cmTC_1d3ad] Error 1
make[1]: Leaving directory '/home/dex2132/hector_ws/build/CMakeFiles/CMakeTmp'
Makefile:126: recipe for target 'cmTC_1d3ad/fast' failed
make: *** [cmTC_1d3ad/fast] Error 2


Determining if the Q_WS_WIN exist failed with the following output:
Change Dir: /home/dex2132/hector_ws/build/CMakeFiles/CMakeTmp

Run Build Command:"/usr/bin/make" "cmTC_03efa/fast"
/usr/bin/make -f CMakeFiles/cmTC_03efa.dir/build.make CMakeFiles/cmTC_03efa.dir/build
make[1]: Entering directory '/home/dex2132/hector_ws/build/CMakeFiles/CMakeTmp'
Building CXX object CMakeFiles/cmTC_03efa.dir/CheckSymbolExists.cxx.o
/usr/bin/c++   -I/usr/include/qt4   -o CMakeFiles/cmTC_03efa.dir/CheckSymbolExists.cxx.o -c /home/dex2132/hector_ws/build/CMakeFiles/CMakeTmp/CheckSymbolExists.cxx
/home/dex2132/hector_ws/build/CMakeFiles/CMakeTmp/CheckSymbolExists.cxx: In function ‘int main(int, char**)’:
/home/dex2132/hector_ws/build/CMakeFiles/CMakeTmp/CheckSymbolExists.cxx:8:19: error: ‘Q_WS_WIN’ was not declared in this scope
   return ((int*)(&Q_WS_WIN))[argc];
                   ^~~~~~~~
/home/dex2132/hector_ws/build/CMakeFiles/CMakeTmp/CheckSymbolExists.cxx:8:19: note: suggested alternative: ‘Q_WS_X11’
   return ((int*)(&Q_WS_WIN))[argc];
                   ^~~~~~~~
                   Q_WS_X11
CMakeFiles/cmTC_03efa.dir/build.make:65: recipe for target 'CMakeFiles/cmTC_03efa.dir/CheckSymbolExists.cxx.o' failed
make[1]: *** [CMakeFiles/cmTC_03efa.dir/CheckSymbolExists.cxx.o] Error 1
make[1]: Leaving directory '/home/dex2132/hector_ws/build/CMakeFiles/CMakeTmp'
Makefile:126: recipe for target 'cmTC_03efa/fast' failed
make: *** [cmTC_03efa/fast] Error 2

File /home/dex2132/hector_ws/build/CMakeFiles/CMakeTmp/CheckSymbolExists.cxx:
/* */
#include <QtCore/qglobal.h>

int main(int argc, char** argv)
{
  (void)argv;
#ifndef Q_WS_WIN
  return ((int*)(&Q_WS_WIN))[argc];
#else
  (void)argc;
  return 0;
#endif
}

Determining if the Q_WS_QWS exist failed with the following output:
Change Dir: /home/dex2132/hector_ws/build/CMakeFiles/CMakeTmp

Run Build Command:"/usr/bin/make" "cmTC_7c12e/fast"
/usr/bin/make -f CMakeFiles/cmTC_7c12e.dir/build.make CMakeFiles/cmTC_7c12e.dir/build
make[1]: Entering directory '/home/dex2132/hector_ws/build/CMakeFiles/CMakeTmp'
Building CXX object CMakeFiles/cmTC_7c12e.dir/CheckSymbolExists.cxx.o
/usr/bin/c++   -I/usr/include/qt4   -o CMakeFiles/cmTC_7c12e.dir/CheckSymbolExists.cxx.o -c /home/dex2132/hector_ws/build/CMakeFiles/CMakeTmp/CheckSymbolExists.cxx
/home/dex2132/hector_ws/build/CMakeFiles/CMakeTmp/CheckSymbolExists.cxx: In function ‘int main(int, char**)’:
/home/dex2132/hector_ws/build/CMakeFiles/CMakeTmp/CheckSymbolExists.cxx:8:19: error: ‘Q_WS_QWS’ was not declared in this scope
   return ((int*)(&Q_WS_QWS))[argc];
                   ^~~~~~~~
/home/dex2132/hector_ws/build/CMakeFiles/CMakeTmp/CheckSymbolExists.cxx:8:19: note: suggested alternative: ‘Q_WS_X11’
   return ((int*)(&Q_WS_QWS))[argc];
                   ^~~~~~~~
                   Q_WS_X11
CMakeFiles/cmTC_7c12e.dir/build.make:65: recipe for target 'CMakeFiles/cmTC_7c12e.dir/CheckSymbolExists.cxx.o' failed
make[1]: *** [CMakeFiles/cmTC_7c12e.dir/CheckSymbolExists.cxx.o] Error 1
make[1]: Leaving directory '/home/dex2132/hector_ws/build/CMakeFiles/CMakeTmp'
Makefile:126: recipe for target 'cmTC_7c12e/fast' failed
make: *** [cmTC_7c12e/fast] Error 2

File /home/dex2132/hector_ws/build/CMakeFiles/CMakeTmp/CheckSymbolExists.cxx:
/* */
#include <QtCore/qglobal.h>

int main(int argc, char** argv)
{
  (void)argv;
#ifndef Q_WS_QWS
  return ((int*)(&Q_WS_QWS))[argc];
#else
  (void)argc;
  return 0;
#endif
}

Determining if the Q_WS_MAC exist failed with the following output:
Change Dir: /home/dex2132/hector_ws/build/CMakeFiles/CMakeTmp

Run Build Command:"/usr/bin/make" "cmTC_2ee4f/fast"
/usr/bin/make -f CMakeFiles/cmTC_2ee4f.dir/build.make CMakeFiles/cmTC_2ee4f.dir/build
make[1]: Entering directory '/home/dex2132/hector_ws/build/CMakeFiles/CMakeTmp'
Building CXX object CMakeFiles/cmTC_2ee4f.dir/CheckSymbolExists.cxx.o
/usr/bin/c++   -I/usr/include/qt4   -o CMakeFiles/cmTC_2ee4f.dir/CheckSymbolExists.cxx.o -c /home/dex2132/hector_ws/build/CMakeFiles/CMakeTmp/CheckSymbolExists.cxx
/home/dex2132/hector_ws/build/CMakeFiles/CMakeTmp/CheckSymbolExists.cxx: In function ‘int main(int, char**)’:
/home/dex2132/hector_ws/build/CMakeFiles/CMakeTmp/CheckSymbolExists.cxx:8:19: error: ‘Q_WS_MAC’ was not declared in this scope
   return ((int*)(&Q_WS_MAC))[argc];
                   ^~~~~~~~
/home/dex2132/hector_ws/build/CMakeFiles/CMakeTmp/CheckSymbolExists.cxx:8:19: note: suggested alternative: ‘Q_WS_X11’
   return ((int*)(&Q_WS_MAC))[argc];
                   ^~~~~~~~
                   Q_WS_X11
CMakeFiles/cmTC_2ee4f.dir/build.make:65: recipe for target 'CMakeFiles/cmTC_2ee4f.dir/CheckSymbolExists.cxx.o' failed
make[1]: *** [CMakeFiles/cmTC_2ee4f.dir/CheckSymbolExists.cxx.o] Error 1
make[1]: Leaving directory '/home/dex2132/hector_ws/build/CMakeFiles/CMakeTmp'
Makefile:126: recipe for target 'cmTC_2ee4f/fast' failed
make: *** [cmTC_2ee4f/fast] Error 2

File /home/dex2132/hector_ws/build/CMakeFiles/CMakeTmp/CheckSymbolExists.cxx:
/* */
#include <QtCore/qglobal.h>

int main(int argc, char** argv)
{
  (void)argv;
#ifndef Q_WS_MAC
  return ((int*)(&Q_WS_MAC))[argc];
#else
  (void)argc;
  return 0;
#endif
}

